TN:
SF:/Users/aaronhans/dev/cagov/bootstrap/js/src/alert.js
FN:54,(anonymous_0)
FN:64,(anonymous_1)
FN:70,(anonymous_2)
FN:85,(anonymous_3)
FN:92,(anonymous_4)
FN:102,(anonymous_5)
FN:106,(anonymous_6)
FN:117,(anonymous_7)
FN:121,(anonymous_8)
FN:131,(anonymous_9)
FN:132,(anonymous_10)
FN:145,(anonymous_11)
FN:146,(anonymous_12)
FN:155,(anonymous_13)
FNF:14
FNH:14
FNDA:8,(anonymous_0)
FNDA:1,(anonymous_1)
FNDA:6,(anonymous_2)
FNDA:1,(anonymous_3)
FNDA:3,(anonymous_4)
FNDA:6,(anonymous_5)
FNDA:5,(anonymous_6)
FNDA:1,(anonymous_7)
FNDA:5,(anonymous_8)
FNDA:3,(anonymous_9)
FNDA:3,(anonymous_10)
FNDA:1,(anonymous_11)
FNDA:2,(anonymous_12)
FNDA:4,(anonymous_13)
DA:25,1
DA:26,1
DA:27,1
DA:28,1
DA:29,1
DA:31,1
DA:35,1
DA:41,1
DA:55,8
DA:57,8
DA:58,7
DA:65,1
DA:71,6
DA:72,6
DA:73,3
DA:76,6
DA:78,6
DA:79,1
DA:82,5
DA:86,1
DA:87,1
DA:93,3
DA:95,3
DA:96,2
DA:99,3
DA:103,6
DA:107,5
DA:109,5
DA:110,4
DA:111,4
DA:114,1
DA:116,1
DA:117,1
DA:118,1
DA:122,5
DA:123,5
DA:126,5
DA:132,3
DA:133,3
DA:135,3
DA:136,2
DA:139,3
DA:140,2
DA:146,1
DA:147,2
DA:148,2
DA:151,2
DA:156,4
DA:165,1
DA:168,1
DA:178,1
LF:51
LH:51
BRDA:57,0,0,7
BRDA:57,0,1,1
BRDA:72,1,0,3
BRDA:72,1,1,3
BRDA:78,2,0,1
BRDA:78,2,1,5
BRDA:78,3,0,6
BRDA:78,3,1,6
BRDA:95,4,0,2
BRDA:95,4,1,1
BRDA:109,5,0,4
BRDA:109,5,1,1
BRDA:122,6,0,5
BRDA:122,6,1,0
BRDA:135,7,0,2
BRDA:135,7,1,1
BRDA:139,8,0,2
BRDA:139,8,1,1
BRDA:147,9,0,2
BRDA:147,9,1,0
BRDA:178,10,0,1
BRF:21
BRH:19
end_of_record
TN:
SF:/Users/aaronhans/dev/cagov/bootstrap/js/src/button.js
FN:52,(anonymous_0)
FN:59,(anonymous_1)
FN:65,(anonymous_2)
FN:116,(anonymous_3)
FN:123,(anonymous_4)
FN:124,(anonymous_5)
FN:137,(anonymous_6)
FN:148,(anonymous_7)
FN:164,(anonymous_8)
FN:172,(anonymous_9)
FNF:10
FNH:10
FNDA:12,(anonymous_0)
FNDA:1,(anonymous_1)
FNDA:10,(anonymous_2)
FNDA:1,(anonymous_3)
FNDA:3,(anonymous_4)
FNDA:3,(anonymous_5)
FNDA:4,(anonymous_6)
FNDA:7,(anonymous_7)
FNDA:5,(anonymous_8)
FNDA:5,(anonymous_9)
DA:19,1
DA:20,1
DA:21,1
DA:22,1
DA:23,1
DA:25,1
DA:31,1
DA:39,1
DA:53,12
DA:54,12
DA:60,1
DA:66,10
DA:67,10
DA:69,10
DA:74,10
DA:75,5
DA:77,5
DA:78,3
DA:80,1
DA:82,2
DA:84,2
DA:85,1
DA:89,3
DA:90,2
DA:94,0
DA:97,2
DA:98,2
DA:101,3
DA:102,3
DA:106,10
DA:107,7
DA:111,10
DA:112,9
DA:117,1
DA:118,1
DA:124,3
DA:125,3
DA:127,3
DA:128,2
DA:131,3
DA:132,2
DA:138,4
DA:148,1
DA:149,7
DA:151,7
DA:152,7
DA:153,3
DA:156,7
DA:157,7
DA:158,6
DA:161,7
DA:164,1
DA:165,5
DA:167,5
DA:168,4
DA:172,1
DA:173,5
DA:175,5
DA:176,4
DA:180,1
DA:189,1
LF:61
LH:60
BRDA:74,0,0,5
BRDA:74,0,1,5
BRDA:77,1,0,3
BRDA:77,1,1,2
BRDA:77,2,0,5
BRDA:77,2,1,4
BRDA:78,3,0,1
BRDA:78,3,1,2
BRDA:78,4,0,3
BRDA:78,4,1,1
BRDA:84,5,0,1
BRDA:84,5,1,1
BRDA:89,6,0,2
BRDA:89,6,1,1
BRDA:90,7,0,0
BRDA:90,7,1,2
BRDA:90,8,0,2
BRDA:90,8,1,2
BRDA:90,8,2,2
BRDA:90,8,3,2
BRDA:106,9,0,7
BRDA:106,9,1,3
BRDA:111,10,0,9
BRDA:111,10,1,1
BRDA:127,11,0,2
BRDA:127,11,1,1
BRDA:131,12,0,2
BRDA:131,12,1,1
BRDA:152,13,0,3
BRDA:152,13,1,4
BRDA:157,14,0,6
BRDA:157,14,1,1
BRDA:167,15,0,4
BRDA:167,15,1,1
BRDA:175,16,0,4
BRDA:175,16,1,1
BRDA:189,17,0,1
BRF:37
BRH:36
end_of_record
TN:
SF:/Users/aaronhans/dev/cagov/bootstrap/js/src/carousel.js
FN:116,(anonymous_0)
FN:138,(anonymous_1)
FN:142,(anonymous_2)
FN:148,(anonymous_3)
FN:154,(anonymous_4)
FN:162,(anonymous_5)
FN:168,(anonymous_6)
FN:182,(anonymous_7)
FN:200,(anonymous_8)
FN:209,(anonymous_9)
FN:226,(anonymous_10)
FN:242,(anonymous_11)
FN:251,(anonymous_12)
FN:273,(anonymous_13)
FN:276,(anonymous_14)
FN:281,(anonymous_15)
FN:283,(anonymous_16)
FN:291,(anonymous_17)
FN:292,(anonymous_18)
FN:300,(anonymous_19)
FN:309,(anonymous_20)
FN:329,(anonymous_21)
FN:333,(anonymous_22)
FN:334,(anonymous_23)
FN:338,(anonymous_24)
FN:339,(anonymous_25)
FN:343,(anonymous_26)
FN:344,(anonymous_27)
FN:345,(anonymous_28)
FN:349,(anonymous_29)
FN:367,(anonymous_30)
FN:375,(anonymous_31)
FN:395,(anonymous_32)
FN:407,(anonymous_33)
FN:424,(anonymous_34)
FN:489,(anonymous_35)
FN:500,(anonymous_36)
FN:531,(anonymous_37)
FN:565,(anonymous_38)
FN:566,(anonymous_39)
FN:571,(anonymous_40)
FN:597,(anonymous_41)
FN:611,(anonymous_42)
FNF:43
FNH:41
FNDA:43,(anonymous_0)
FNDA:1,(anonymous_1)
FNDA:1,(anonymous_2)
FNDA:13,(anonymous_3)
FNDA:1,(anonymous_4)
FNDA:7,(anonymous_5)
FNDA:10,(anonymous_6)
FNDA:4,(anonymous_7)
FNDA:7,(anonymous_8)
FNDA:1,(anonymous_9)
FNDA:1,(anonymous_10)
FNDA:43,(anonymous_11)
FNDA:6,(anonymous_12)
FNDA:44,(anonymous_13)
FNDA:5,(anonymous_14)
FNDA:1,(anonymous_15)
FNDA:1,(anonymous_16)
FNDA:25,(anonymous_17)
FNDA:6,(anonymous_18)
FNDA:92,(anonymous_19)
FNDA:6,(anonymous_20)
FNDA:0,(anonymous_21)
FNDA:8,(anonymous_22)
FNDA:0,(anonymous_23)
FNDA:2,(anonymous_24)
FNDA:2,(anonymous_25)
FNDA:4,(anonymous_26)
FNDA:92,(anonymous_27)
FNDA:4,(anonymous_28)
FNDA:5,(anonymous_29)
FNDA:107,(anonymous_30)
FNDA:17,(anonymous_31)
FNDA:20,(anonymous_32)
FNDA:19,(anonymous_33)
FNDA:21,(anonymous_34)
FNDA:15,(anonymous_35)
FNDA:15,(anonymous_36)
FNDA:7,(anonymous_37)
FNDA:4,(anonymous_38)
FNDA:4,(anonymous_39)
FNDA:4,(anonymous_40)
FNDA:3,(anonymous_41)
FNDA:3,(anonymous_42)
DA:31,1
DA:32,1
DA:33,1
DA:34,1
DA:35,1
DA:36,1
DA:37,1
DA:38,1
DA:39,1
DA:41,1
DA:50,1
DA:59,1
DA:66,1
DA:82,1
DA:94,1
DA:105,1
DA:117,43
DA:118,43
DA:119,43
DA:120,43
DA:121,43
DA:122,43
DA:123,43
DA:124,43
DA:126,43
DA:127,43
DA:128,43
DA:129,43
DA:130,43
DA:132,43
DA:133,43
DA:139,1
DA:143,1
DA:149,13
DA:150,12
DA:157,1
DA:158,0
DA:163,7
DA:164,6
DA:169,10
DA:170,9
DA:173,10
DA:174,1
DA:175,1
DA:178,10
DA:179,10
DA:183,4
DA:184,3
DA:187,4
DA:188,1
DA:189,1
DA:192,4
DA:193,3
DA:201,7
DA:202,7
DA:204,7
DA:205,2
DA:208,5
DA:209,1
DA:210,1
DA:213,4
DA:214,1
DA:215,1
DA:216,1
DA:219,3
DA:223,3
DA:227,1
DA:228,1
DA:230,1
DA:231,1
DA:232,1
DA:233,1
DA:234,1
DA:235,1
DA:236,1
DA:237,1
DA:243,43
DA:247,43
DA:248,43
DA:252,6
DA:254,6
DA:255,2
DA:258,4
DA:260,4
DA:263,4
DA:264,2
DA:268,4
DA:269,2
DA:274,44
DA:275,44
DA:276,5
DA:279,44
DA:280,44
DA:281,1
DA:282,44
DA:283,1
DA:286,44
DA:287,26
DA:292,25
DA:293,6
DA:294,2
DA:295,4
DA:296,4
DA:300,25
DA:302,92
DA:303,46
DA:305,46
DA:309,25
DA:310,6
DA:311,2
DA:314,6
DA:315,6
DA:324,6
DA:325,6
DA:326,1
DA:329,6
DA:333,25
DA:334,8
DA:337,25
DA:338,22
DA:339,22
DA:341,22
DA:343,4
DA:344,92
DA:345,4
DA:350,5
DA:351,2
DA:354,3
DA:356,1
DA:357,1
DA:358,1
DA:360,1
DA:361,1
DA:362,1
DA:368,107
DA:372,107
DA:376,17
DA:377,17
DA:378,17
DA:379,17
DA:380,17
DA:383,17
DA:384,1
DA:387,16
DA:388,16
DA:390,16
DA:396,20
DA:397,20
DA:399,20
DA:408,19
DA:409,1
DA:410,1
DA:411,1
DA:414,1
DA:418,1
DA:419,1
DA:425,21
DA:426,21
DA:427,21
DA:430,21
DA:431,21
DA:437,21
DA:438,14
DA:439,14
DA:440,14
DA:442,7
DA:443,7
DA:444,7
DA:447,21
DA:448,1
DA:449,1
DA:452,20
DA:453,20
DA:454,1
DA:457,19
DA:459,0
DA:462,19
DA:464,19
DA:465,0
DA:468,19
DA:470,19
DA:471,15
DA:473,15
DA:475,15
DA:476,15
DA:478,15
DA:479,15
DA:480,2
DA:481,2
DA:483,13
DA:486,15
DA:488,15
DA:490,15
DA:491,15
DA:492,15
DA:494,15
DA:495,15
DA:496,15
DA:498,15
DA:500,15
DA:501,15
DA:510,15
DA:512,4
DA:513,4
DA:515,4
DA:516,4
DA:524,19
DA:525,0
DA:532,7
DA:533,7
DA:538,7
DA:539,3
DA:545,7
DA:547,7
DA:548,5
DA:551,7
DA:552,1
DA:553,6
DA:554,2
DA:555,1
DA:558,1
DA:559,4
DA:560,1
DA:561,1
DA:566,4
DA:567,4
DA:572,4
DA:574,4
DA:575,2
DA:578,2
DA:582,2
DA:584,2
DA:585,1
DA:588,2
DA:590,2
DA:591,1
DA:594,2
DA:598,3
DA:608,1
DA:611,1
DA:612,3
DA:613,3
DA:614,1
DA:618,1
DA:627,1
LF:245
LH:241
BRDA:129,0,0,43
BRDA:129,0,1,17
BRDA:130,1,0,43
BRDA:130,1,1,3
BRDA:149,2,0,12
BRDA:149,2,1,1
BRDA:157,3,0,0
BRDA:157,3,1,1
BRDA:157,4,0,1
BRDA:157,4,1,1
BRDA:163,5,0,6
BRDA:163,5,1,1
BRDA:169,6,0,9
BRDA:169,6,1,1
BRDA:173,7,0,1
BRDA:173,7,1,9
BRDA:183,8,0,3
BRDA:183,8,1,1
BRDA:187,9,0,1
BRDA:187,9,1,3
BRDA:192,10,0,3
BRDA:192,10,1,1
BRDA:192,11,0,4
BRDA:192,11,1,4
BRDA:192,11,2,4
BRDA:194,12,0,3
BRDA:194,12,1,0
BRDA:204,13,0,2
BRDA:204,13,1,5
BRDA:204,14,0,7
BRDA:204,14,1,6
BRDA:208,15,0,1
BRDA:208,15,1,4
BRDA:213,16,0,1
BRDA:213,16,1,3
BRDA:219,17,0,2
BRDA:219,17,1,1
BRDA:254,18,0,2
BRDA:254,18,1,4
BRDA:263,19,0,2
BRDA:263,19,1,2
BRDA:268,20,0,2
BRDA:268,20,1,2
BRDA:274,21,0,44
BRDA:274,21,1,0
BRDA:279,22,0,44
BRDA:279,22,1,0
BRDA:286,23,0,26
BRDA:286,23,1,18
BRDA:286,24,0,44
BRDA:286,24,1,43
BRDA:293,25,0,2
BRDA:293,25,1,4
BRDA:293,26,0,6
BRDA:293,26,1,2
BRDA:295,27,0,4
BRDA:295,27,1,0
BRDA:302,28,0,46
BRDA:302,28,1,46
BRDA:302,29,0,92
BRDA:302,29,1,92
BRDA:310,30,0,2
BRDA:310,30,1,4
BRDA:310,31,0,6
BRDA:310,31,1,2
BRDA:315,32,0,6
BRDA:315,32,1,0
BRDA:325,33,0,1
BRDA:325,33,1,5
BRDA:337,34,0,22
BRDA:337,34,1,3
BRDA:350,35,0,2
BRDA:350,35,1,3
BRDA:354,36,0,1
BRDA:354,36,1,1
BRDA:354,36,2,1
BRDA:368,37,0,103
BRDA:368,37,1,4
BRDA:368,38,0,107
BRDA:368,38,1,103
BRDA:380,39,0,17
BRDA:380,39,1,6
BRDA:380,39,2,15
BRDA:380,39,3,11
BRDA:383,40,0,1
BRDA:383,40,1,16
BRDA:383,41,0,17
BRDA:383,41,1,3
BRDA:387,42,0,5
BRDA:387,42,1,11
BRDA:390,43,0,1
BRDA:390,43,1,15
BRDA:408,44,0,1
BRDA:408,44,1,18
BRDA:418,45,0,1
BRDA:418,45,1,0
BRDA:427,46,0,21
BRDA:427,46,1,18
BRDA:427,46,2,17
BRDA:437,47,0,14
BRDA:437,47,1,7
BRDA:447,48,0,1
BRDA:447,48,1,20
BRDA:447,49,0,21
BRDA:447,49,1,20
BRDA:453,50,0,1
BRDA:453,50,1,19
BRDA:457,51,0,0
BRDA:457,51,1,19
BRDA:457,52,0,19
BRDA:457,52,1,19
BRDA:464,53,0,0
BRDA:464,53,1,19
BRDA:470,54,0,15
BRDA:470,54,1,4
BRDA:479,55,0,2
BRDA:479,55,1,13
BRDA:480,56,0,2
BRDA:480,56,1,2
BRDA:483,57,0,13
BRDA:483,57,1,13
BRDA:524,58,0,0
BRDA:524,58,1,19
BRDA:538,59,0,3
BRDA:538,59,1,4
BRDA:545,60,0,1
BRDA:545,60,1,6
BRDA:547,61,0,5
BRDA:547,61,1,2
BRDA:551,62,0,1
BRDA:551,62,1,6
BRDA:553,63,0,2
BRDA:553,63,1,4
BRDA:554,64,0,1
BRDA:554,64,1,1
BRDA:559,65,0,1
BRDA:559,65,1,3
BRDA:559,66,0,4
BRDA:559,66,1,3
BRDA:574,67,0,2
BRDA:574,67,1,2
BRDA:574,68,0,4
BRDA:574,68,1,3
BRDA:584,69,0,1
BRDA:584,69,1,1
BRDA:590,70,0,1
BRDA:590,70,1,1
BRDA:627,71,0,1
BRF:148
BRH:138
end_of_record
TN:
SF:/Users/aaronhans/dev/cagov/bootstrap/js/src/collapse.js
FN:79,(anonymous_0)
FN:93,(anonymous_1)
FN:116,(anonymous_2)
FN:120,(anonymous_3)
FN:126,(anonymous_4)
FN:134,(anonymous_5)
FN:145,(anonymous_6)
FN:160,(anonymous_7)
FN:174,(anonymous_8)
FN:193,(anonymous_9)
FN:201,(anonymous_10)
FN:223,(anonymous_11)
FN:259,(anonymous_12)
FN:273,(anonymous_13)
FN:277,(anonymous_14)
FN:289,(anonymous_15)
FN:299,(anonymous_16)
FN:304,(anonymous_17)
FN:319,(anonymous_18)
FN:331,(anonymous_19)
FN:336,(anonymous_20)
FN:351,(anonymous_21)
FN:376,(anonymous_22)
FN:377,(anonymous_23)
FN:382,(anonymous_24)
FN:393,(anonymous_25)
FN:403,(anonymous_26)
FNF:27
FNH:26
FNDA:48,(anonymous_0)
FNDA:73,(anonymous_1)
FNDA:1,(anonymous_2)
FNDA:1,(anonymous_3)
FNDA:33,(anonymous_4)
FNDA:32,(anonymous_5)
FNDA:14,(anonymous_6)
FNDA:13,(anonymous_7)
FNDA:13,(anonymous_8)
FNDA:35,(anonymous_9)
FNDA:29,(anonymous_10)
FNDA:20,(anonymous_11)
FNDA:15,(anonymous_12)
FNDA:88,(anonymous_13)
FNDA:1,(anonymous_14)
FNDA:48,(anonymous_15)
FNDA:44,(anonymous_16)
FNDA:24,(anonymous_17)
FNDA:0,(anonymous_18)
FNDA:26,(anonymous_19)
FNDA:20,(anonymous_20)
FNDA:36,(anonymous_21)
FNDA:3,(anonymous_22)
FNDA:3,(anonymous_23)
FNDA:6,(anonymous_24)
FNDA:17,(anonymous_25)
FNDA:22,(anonymous_26)
DA:31,1
DA:32,1
DA:33,1
DA:34,1
DA:35,1
DA:37,1
DA:42,1
DA:47,1
DA:55,1
DA:62,1
DA:67,1
DA:80,48
DA:81,48
DA:82,48
DA:83,48
DA:88,48
DA:89,48
DA:90,60
DA:91,60
DA:92,60
DA:93,73
DA:95,60
DA:96,30
DA:97,30
DA:101,48
DA:103,48
DA:104,26
DA:107,48
DA:108,28
DA:111,48
DA:117,1
DA:121,1
DA:127,33
DA:128,6
DA:130,27
DA:135,32
DA:137,2
DA:143,30
DA:144,15
DA:146,14
DA:147,13
DA:150,1
DA:153,15
DA:154,5
DA:158,30
DA:159,30
DA:160,13
DA:161,10
DA:163,10
DA:164,0
DA:168,30
DA:169,30
DA:170,1
DA:173,29
DA:174,10
DA:175,13
DA:176,11
DA:179,13
DA:180,9
DA:185,29
DA:187,29
DA:188,29
DA:190,29
DA:192,29
DA:193,20
DA:194,35
DA:195,35
DA:199,29
DA:201,29
DA:202,29
DA:203,29
DA:204,29
DA:206,29
DA:208,29
DA:210,29
DA:213,29
DA:214,29
DA:215,29
DA:217,29
DA:219,29
DA:220,29
DA:224,20
DA:226,4
DA:229,16
DA:230,16
DA:231,1
DA:234,15
DA:236,15
DA:238,15
DA:240,15
DA:241,15
DA:242,15
DA:244,15
DA:245,15
DA:246,13
DA:247,26
DA:248,26
DA:250,26
DA:251,25
DA:252,25
DA:257,15
DA:259,15
DA:260,15
DA:261,15
DA:262,15
DA:263,15
DA:266,15
DA:267,15
DA:269,15
DA:270,15
DA:274,88
DA:278,1
DA:280,1
DA:281,1
DA:282,1
DA:283,1
DA:284,1
DA:290,48
DA:294,48
DA:295,48
DA:296,48
DA:300,44
DA:301,44
DA:305,24
DA:307,24
DA:309,5
DA:310,2
DA:313,19
DA:316,24
DA:318,24
DA:320,0
DA:322,0
DA:328,24
DA:332,26
DA:333,26
DA:335,26
DA:336,9
DA:337,20
DA:338,6
DA:340,14
DA:343,20
DA:352,36
DA:353,36
DA:359,36
DA:360,6
DA:363,36
DA:364,28
DA:367,36
DA:368,14
DA:369,1
DA:372,13
DA:377,3
DA:378,3
DA:383,6
DA:393,1
DA:395,17
DA:396,16
DA:399,17
DA:400,17
DA:401,17
DA:403,17
DA:404,22
DA:406,22
DA:408,2
DA:409,0
DA:410,0
DA:413,2
DA:415,20
DA:418,22
DA:422,1
DA:431,1
LF:171
LH:166
BRDA:95,0,0,30
BRDA:95,0,1,30
BRDA:95,1,0,60
BRDA:95,1,1,53
BRDA:101,2,0,22
BRDA:101,2,1,26
BRDA:103,3,0,26
BRDA:103,3,1,22
BRDA:107,4,0,28
BRDA:107,4,1,20
BRDA:127,5,0,6
BRDA:127,5,1,27
BRDA:135,6,0,2
BRDA:135,6,1,30
BRDA:135,7,0,32
BRDA:135,7,1,31
BRDA:143,8,0,15
BRDA:143,8,1,15
BRDA:146,9,0,13
BRDA:146,9,1,1
BRDA:153,10,0,5
BRDA:153,10,1,10
BRDA:159,11,0,10
BRDA:159,11,1,20
BRDA:161,12,0,9
BRDA:161,12,1,1
BRDA:163,13,0,0
BRDA:163,13,1,10
BRDA:163,14,0,10
BRDA:163,14,1,4
BRDA:169,15,0,1
BRDA:169,15,1,29
BRDA:173,16,0,10
BRDA:173,16,1,19
BRDA:175,17,0,11
BRDA:175,17,1,2
BRDA:179,18,0,9
BRDA:179,18,1,4
BRDA:192,19,0,20
BRDA:192,19,1,9
BRDA:224,20,0,4
BRDA:224,20,1,16
BRDA:224,21,0,20
BRDA:224,21,1,19
BRDA:230,22,0,1
BRDA:230,22,1,15
BRDA:245,23,0,13
BRDA:245,23,1,2
BRDA:250,24,0,25
BRDA:250,24,1,1
BRDA:250,25,0,26
BRDA:250,25,1,26
BRDA:301,26,0,1
BRDA:301,26,1,43
BRDA:307,27,0,5
BRDA:307,27,1,19
BRDA:309,28,0,2
BRDA:309,28,1,3
BRDA:309,29,0,5
BRDA:309,29,1,5
BRDA:332,30,0,26
BRDA:332,30,1,0
BRDA:335,31,0,9
BRDA:335,31,1,17
BRDA:337,32,0,6
BRDA:337,32,1,14
BRDA:356,33,0,20
BRDA:356,33,1,16
BRDA:356,34,0,36
BRDA:356,34,1,20
BRDA:359,35,0,6
BRDA:359,35,1,30
BRDA:359,36,0,36
BRDA:359,36,1,28
BRDA:359,36,2,28
BRDA:363,37,0,28
BRDA:363,37,1,8
BRDA:367,38,0,14
BRDA:367,38,1,22
BRDA:368,39,0,1
BRDA:368,39,1,13
BRDA:395,40,0,16
BRDA:395,40,1,1
BRDA:406,41,0,2
BRDA:406,41,1,20
BRDA:408,42,0,0
BRDA:408,42,1,2
BRDA:408,43,0,2
BRDA:408,43,1,2
BRDA:431,44,0,1
BRF:90
BRH:87
end_of_record
TN:
SF:/Users/aaronhans/dev/cagov/bootstrap/js/src/dropdown.js
FN:107,(anonymous_0)
FN:120,(anonymous_1)
FN:124,(anonymous_2)
FN:128,(anonymous_3)
FN:134,(anonymous_4)
FN:150,(anonymous_5)
FN:202,(anonymous_6)
FN:213,(anonymous_7)
FN:238,(anonymous_8)
FN:249,(anonymous_9)
FN:258,(anonymous_10)
FN:259,(anonymous_11)
FN:266,(anonymous_12)
FN:282,(anonymous_13)
FN:288,(anonymous_14)
FN:309,(anonymous_15)
FN:313,(anonymous_16)
FN:317,(anonymous_17)
FN:332,(anonymous_18)
FN:361,(anonymous_19)
FN:378,(anonymous_20)
FN:379,(anonymous_21)
FN:384,(anonymous_22)
FN:427,(anonymous_23)
FN:442,(anonymous_24)
FN:446,(anonymous_25)
FN:505,(anonymous_26)
FN:520,(anonymous_27)
FN:526,(anonymous_28)
FNF:29
FNH:27
FNDA:58,(anonymous_0)
FNDA:1,(anonymous_1)
FNDA:59,(anonymous_2)
FNDA:59,(anonymous_3)
FNDA:37,(anonymous_4)
FNDA:39,(anonymous_5)
FNDA:884,(anonymous_6)
FNDA:6,(anonymous_7)
FNDA:2,(anonymous_8)
FNDA:2,(anonymous_9)
FNDA:58,(anonymous_10)
FNDA:1,(anonymous_11)
FNDA:58,(anonymous_12)
FNDA:58,(anonymous_13)
FNDA:34,(anonymous_14)
FNDA:58,(anonymous_15)
FNDA:36,(anonymous_16)
FNDA:0,(anonymous_17)
FNDA:34,(anonymous_18)
FNDA:21,(anonymous_19)
FNDA:3,(anonymous_20)
FNDA:3,(anonymous_21)
FNDA:108,(anonymous_22)
FNDA:260,(anonymous_23)
FNDA:158,(anonymous_24)
FNDA:17,(anonymous_25)
FNDA:4,(anonymous_26)
FNDA:18,(anonymous_27)
FNDA:0,(anonymous_28)
DA:29,1
DA:30,1
DA:31,1
DA:32,1
DA:33,1
DA:34,1
DA:35,1
DA:36,1
DA:37,1
DA:38,1
DA:39,1
DA:40,1
DA:42,1
DA:53,1
DA:63,1
DA:71,1
DA:82,1
DA:91,1
DA:108,58
DA:109,58
DA:110,58
DA:111,58
DA:112,58
DA:114,58
DA:115,58
DA:121,1
DA:125,59
DA:129,59
DA:135,37
DA:136,2
DA:139,35
DA:141,35
DA:143,35
DA:144,2
DA:147,33
DA:151,39
DA:152,3
DA:155,36
DA:156,36
DA:160,36
DA:162,36
DA:163,2
DA:167,34
DA:168,33
DA:169,0
DA:172,33
DA:174,33
DA:175,1
DA:176,32
DA:177,2
DA:180,2
DA:181,1
DA:188,33
DA:189,1
DA:192,33
DA:199,34
DA:201,34
DA:202,884
DA:205,34
DA:206,34
DA:208,34
DA:209,34
DA:210,34
DA:214,6
DA:215,3
DA:218,3
DA:219,3
DA:223,3
DA:225,3
DA:226,1
DA:229,2
DA:230,1
DA:233,2
DA:234,2
DA:235,2
DA:239,2
DA:240,2
DA:241,2
DA:242,2
DA:243,2
DA:244,1
DA:245,1
DA:250,2
DA:251,2
DA:252,1
DA:259,58
DA:260,1
DA:261,1
DA:262,1
DA:267,58
DA:273,58
DA:279,58
DA:283,58
DA:285,58
DA:289,34
DA:290,34
DA:293,34
DA:294,2
DA:295,2
DA:296,1
DA:298,32
DA:299,1
DA:300,31
DA:301,1
DA:302,30
DA:303,1
DA:306,34
DA:310,58
DA:314,36
DA:316,36
DA:317,1
DA:318,0
DA:323,0
DA:326,35
DA:329,36
DA:333,34
DA:347,34
DA:348,1
DA:353,34
DA:362,21
DA:363,21
DA:365,21
DA:366,20
DA:369,21
DA:370,19
DA:371,1
DA:374,18
DA:379,3
DA:380,3
DA:385,108
DA:387,0
DA:390,108
DA:391,108
DA:392,53
DA:393,53
DA:394,53
DA:398,53
DA:399,5
DA:402,53
DA:403,4
DA:406,49
DA:407,49
DA:408,39
DA:411,10
DA:415,0
DA:418,10
DA:419,10
DA:420,0
DA:425,10
DA:426,10
DA:427,260
DA:430,10
DA:432,10
DA:433,10
DA:436,10
DA:437,10
DA:438,10
DA:443,158
DA:454,17
DA:459,8
DA:462,9
DA:463,9
DA:465,9
DA:466,1
DA:469,8
DA:470,8
DA:472,8
DA:473,2
DA:474,2
DA:477,2
DA:478,2
DA:481,6
DA:484,6
DA:485,0
DA:488,6
DA:490,6
DA:491,1
DA:494,6
DA:495,5
DA:498,6
DA:499,0
DA:502,6
DA:506,4
DA:516,1
DA:517,1
DA:518,1
DA:519,1
DA:520,1
DA:521,18
DA:522,18
DA:523,18
DA:525,1
DA:526,0
DA:528,1
DA:537,1
LF:195
LH:186
BRDA:135,0,0,2
BRDA:135,0,1,35
BRDA:135,1,0,37
BRDA:135,1,1,36
BRDA:143,2,0,2
BRDA:143,2,1,33
BRDA:151,3,0,3
BRDA:151,3,1,36
BRDA:151,4,0,39
BRDA:151,4,1,38
BRDA:151,4,2,37
BRDA:162,5,0,2
BRDA:162,5,1,34
BRDA:167,6,0,33
BRDA:167,6,1,1
BRDA:168,7,0,0
BRDA:168,7,1,33
BRDA:174,8,0,1
BRDA:174,8,1,32
BRDA:176,9,0,2
BRDA:176,9,1,30
BRDA:180,10,0,1
BRDA:180,10,1,1
BRDA:188,11,0,1
BRDA:188,11,1,32
BRDA:199,12,0,34
BRDA:199,12,1,0
BRDA:199,13,0,34
BRDA:199,13,1,34
BRDA:214,14,0,3
BRDA:214,14,1,3
BRDA:214,15,0,6
BRDA:214,15,1,5
BRDA:214,15,2,4
BRDA:225,16,0,1
BRDA:225,16,1,2
BRDA:229,17,0,1
BRDA:229,17,1,1
BRDA:243,18,0,1
BRDA:243,18,1,1
BRDA:251,19,0,1
BRDA:251,19,1,1
BRDA:293,20,0,2
BRDA:293,20,1,32
BRDA:295,21,0,1
BRDA:295,21,1,1
BRDA:298,22,0,1
BRDA:298,22,1,31
BRDA:300,23,0,1
BRDA:300,23,1,30
BRDA:302,24,0,1
BRDA:302,24,1,29
BRDA:316,25,0,1
BRDA:316,25,1,35
BRDA:320,26,0,0
BRDA:320,26,1,0
BRDA:347,27,0,1
BRDA:347,27,1,33
BRDA:363,28,0,0
BRDA:363,28,1,21
BRDA:365,29,0,20
BRDA:365,29,1,1
BRDA:369,30,0,19
BRDA:369,30,1,2
BRDA:370,31,0,1
BRDA:370,31,1,18
BRDA:385,32,0,0
BRDA:385,32,1,108
BRDA:385,33,0,108
BRDA:385,33,1,71
BRDA:385,33,2,71
BRDA:385,33,3,3
BRDA:398,34,0,5
BRDA:398,34,1,48
BRDA:398,35,0,53
BRDA:398,35,1,10
BRDA:402,36,0,4
BRDA:402,36,1,49
BRDA:407,37,0,39
BRDA:407,37,1,10
BRDA:411,38,0,0
BRDA:411,38,1,10
BRDA:411,39,0,10
BRDA:411,39,1,6
BRDA:411,39,2,3
BRDA:411,39,3,6
BRDA:411,39,4,3
BRDA:411,39,5,3
BRDA:419,40,0,0
BRDA:419,40,1,10
BRDA:425,41,0,10
BRDA:425,41,1,0
BRDA:432,42,0,10
BRDA:432,42,1,0
BRDA:443,43,0,158
BRDA:443,43,1,153
BRDA:454,44,0,8
BRDA:454,44,1,9
BRDA:454,45,0,9
BRDA:454,45,1,8
BRDA:455,46,0,9
BRDA:455,46,1,9
BRDA:455,46,2,8
BRDA:455,46,3,6
BRDA:455,46,4,4
BRDA:465,47,0,1
BRDA:465,47,1,8
BRDA:465,48,0,9
BRDA:465,48,1,8
BRDA:472,49,0,2
BRDA:472,49,1,6
BRDA:472,50,0,8
BRDA:472,50,1,8
BRDA:472,50,2,8
BRDA:472,50,3,6
BRDA:473,51,0,2
BRDA:473,51,1,0
BRDA:484,52,0,0
BRDA:484,52,1,6
BRDA:490,53,0,1
BRDA:490,53,1,5
BRDA:490,54,0,6
BRDA:490,54,1,1
BRDA:494,55,0,5
BRDA:494,55,1,1
BRDA:494,56,0,6
BRDA:494,56,1,5
BRDA:498,57,0,0
BRDA:498,57,1,6
BRDA:537,58,0,1
BRF:130
BRH:117
end_of_record
TN:
SF:/Users/aaronhans/dev/cagov/bootstrap/js/src/modal.js
FN:92,(anonymous_0)
FN:107,(anonymous_1)
FN:111,(anonymous_2)
FN:117,(anonymous_3)
FN:121,(anonymous_4)
FN:151,(anonymous_5)
FN:154,(anonymous_6)
FN:155,(anonymous_7)
FN:162,(anonymous_8)
FN:165,(anonymous_9)
FN:200,(anonymous_10)
FN:207,(anonymous_11)
FN:209,(anonymous_12)
FN:231,(anonymous_13)
FN:237,(anonymous_14)
FN:246,(anonymous_15)
FN:276,(anonymous_16)
FN:297,(anonymous_17)
FN:299,(anonymous_18)
FN:308,(anonymous_19)
FN:310,(anonymous_20)
FN:320,(anonymous_21)
FN:322,(anonymous_22)
FN:328,(anonymous_23)
FN:333,(anonymous_24)
FN:341,(anonymous_25)
FN:346,(anonymous_26)
FN:361,(anonymous_27)
FN:392,(anonymous_28)
FN:409,(anonymous_29)
FN:418,(anonymous_30)
FN:432,(anonymous_31)
FN:445,(anonymous_32)
FN:450,(anonymous_33)
FN:456,(anonymous_34)
FN:463,(anonymous_35)
FN:472,(anonymous_36)
FN:490,(anonymous_37)
FN:493,(anonymous_38)
FN:503,(anonymous_39)
FN:521,(anonymous_40)
FN:532,(anonymous_41)
FN:533,(anonymous_42)
FN:557,(anonymous_43)
FN:568,(anonymous_44)
FN:575,(anonymous_45)
FN:581,(anonymous_46)
FNF:47
FNH:45
FNDA:43,(anonymous_0)
FNDA:1,(anonymous_1)
FNDA:1,(anonymous_2)
FNDA:12,(anonymous_3)
FNDA:35,(anonymous_4)
FNDA:1,(anonymous_5)
FNDA:0,(anonymous_6)
FNDA:0,(anonymous_7)
FNDA:31,(anonymous_8)
FNDA:15,(anonymous_9)
FNDA:1,(anonymous_10)
FNDA:1,(anonymous_11)
FNDA:3,(anonymous_12)
FNDA:1,(anonymous_13)
FNDA:43,(anonymous_14)
FNDA:31,(anonymous_15)
FNDA:31,(anonymous_16)
FNDA:30,(anonymous_17)
FNDA:1,(anonymous_18)
FNDA:43,(anonymous_19)
FNDA:2,(anonymous_20)
FNDA:43,(anonymous_21)
FNDA:11,(anonymous_22)
FNDA:12,(anonymous_23)
FNDA:12,(anonymous_24)
FNDA:12,(anonymous_25)
FNDA:43,(anonymous_26)
FNDA:2,(anonymous_27)
FNDA:12,(anonymous_28)
FNDA:3,(anonymous_29)
FNDA:1,(anonymous_30)
FNDA:42,(anonymous_31)
FNDA:12,(anonymous_32)
FNDA:31,(anonymous_33)
FNDA:31,(anonymous_34)
FNDA:2,(anonymous_35)
FNDA:1,(anonymous_36)
FNDA:12,(anonymous_37)
FNDA:2,(anonymous_38)
FNDA:1,(anonymous_39)
FNDA:33,(anonymous_40)
FNDA:5,(anonymous_41)
FNDA:5,(anonymous_42)
FNDA:8,(anonymous_43)
FNDA:6,(anonymous_44)
FNDA:6,(anonymous_45)
FNDA:2,(anonymous_46)
DA:30,1
DA:31,1
DA:32,1
DA:33,1
DA:34,1
DA:35,1
DA:37,1
DA:44,1
DA:51,1
DA:66,1
DA:76,1
DA:93,43
DA:94,43
DA:95,43
DA:96,43
DA:97,43
DA:98,43
DA:99,43
DA:100,43
DA:101,43
DA:102,43
DA:108,1
DA:112,1
DA:118,12
DA:122,35
DA:123,2
DA:126,33
DA:127,5
DA:130,33
DA:134,33
DA:135,2
DA:138,31
DA:140,31
DA:141,31
DA:143,31
DA:145,31
DA:146,31
DA:148,31
DA:151,1
DA:154,31
DA:155,0
DA:156,0
DA:157,0
DA:162,31
DA:166,15
DA:167,1
DA:170,15
DA:171,2
DA:174,13
DA:176,13
DA:177,1
DA:180,12
DA:181,12
DA:183,12
DA:184,1
DA:187,12
DA:188,12
DA:190,12
DA:192,12
DA:194,12
DA:195,12
DA:197,12
DA:198,1
DA:200,1
DA:201,1
DA:203,11
DA:208,1
DA:209,3
DA:216,1
DA:218,1
DA:220,1
DA:221,1
DA:222,1
DA:223,1
DA:224,1
DA:225,1
DA:226,1
DA:227,1
DA:228,1
DA:232,1
DA:238,43
DA:242,43
DA:243,43
DA:247,31
DA:248,31
DA:250,31
DA:253,1
DA:256,31
DA:257,31
DA:258,31
DA:260,31
DA:261,1
DA:263,30
DA:266,31
DA:267,5
DA:270,31
DA:272,31
DA:273,30
DA:276,31
DA:277,31
DA:278,30
DA:281,31
DA:282,31
DA:287,31
DA:288,5
DA:290,5
DA:291,5
DA:293,26
DA:298,30
DA:299,30
DA:300,1
DA:303,1
DA:309,43
DA:310,31
DA:311,2
DA:312,1
DA:316,12
DA:321,43
DA:322,31
DA:324,12
DA:329,12
DA:330,12
DA:331,12
DA:332,12
DA:333,12
DA:334,12
DA:335,12
DA:336,12
DA:337,12
DA:342,12
DA:343,12
DA:347,43
DA:351,43
DA:352,29
DA:353,29
DA:355,29
DA:356,5
DA:359,29
DA:361,29
DA:362,2
DA:363,0
DA:364,0
DA:367,2
DA:368,0
DA:371,2
DA:374,29
DA:375,5
DA:378,29
DA:380,29
DA:381,24
DA:382,24
DA:385,5
DA:387,5
DA:388,5
DA:389,14
DA:390,12
DA:392,12
DA:393,12
DA:394,12
DA:397,12
DA:398,1
DA:399,1
DA:400,1
DA:402,11
DA:405,2
DA:410,3
DA:411,1
DA:412,1
DA:413,0
DA:416,1
DA:417,1
DA:418,1
DA:419,1
DA:421,1
DA:422,1
DA:424,2
DA:434,42
DA:436,42
DA:437,0
DA:440,42
DA:441,40
DA:446,12
DA:447,12
DA:451,31
DA:452,31
DA:453,31
DA:457,31
DA:462,30
DA:464,2
DA:465,2
DA:466,2
DA:467,2
DA:471,30
DA:473,1
DA:474,1
DA:475,1
DA:476,1
DA:480,30
DA:481,30
DA:483,30
DA:484,30
DA:487,31
DA:492,12
DA:494,2
DA:495,2
DA:496,2
DA:497,2
DA:502,12
DA:504,1
DA:505,1
DA:506,1
DA:507,1
DA:512,12
DA:513,12
DA:514,0
DA:516,12
DA:517,12
DA:522,33
DA:523,33
DA:524,33
DA:525,33
DA:526,33
DA:527,33
DA:533,5
DA:534,5
DA:535,5
DA:541,5
DA:542,3
DA:545,5
DA:546,2
DA:547,1
DA:550,1
DA:551,3
DA:552,2
DA:558,8
DA:568,1
DA:569,6
DA:571,6
DA:572,4
DA:575,6
DA:576,6
DA:578,1
DA:581,5
DA:582,2
DA:583,1
DA:588,6
DA:589,6
DA:590,5
DA:595,5
DA:598,6
DA:601,1
DA:610,1
LF:252
LH:243
BRDA:118,0,0,6
BRDA:118,0,1,6
BRDA:122,1,0,2
BRDA:122,1,1,33
BRDA:122,2,0,35
BRDA:122,2,1,34
BRDA:126,3,0,5
BRDA:126,3,1,28
BRDA:134,4,0,2
BRDA:134,4,1,31
BRDA:134,5,0,33
BRDA:134,5,1,33
BRDA:156,6,0,0
BRDA:156,6,1,0
BRDA:166,7,0,1
BRDA:166,7,1,14
BRDA:170,8,0,2
BRDA:170,8,1,13
BRDA:170,9,0,15
BRDA:170,9,1,13
BRDA:176,10,0,1
BRDA:176,10,1,12
BRDA:183,11,0,1
BRDA:183,11,1,11
BRDA:197,12,0,1
BRDA:197,12,1,11
BRDA:250,13,0,1
BRDA:250,13,1,30
BRDA:250,14,0,31
BRDA:250,14,1,30
BRDA:260,15,0,1
BRDA:260,15,1,30
BRDA:260,16,0,31
BRDA:260,16,1,2
BRDA:266,17,0,5
BRDA:266,17,1,26
BRDA:272,18,0,30
BRDA:272,18,1,1
BRDA:277,19,0,30
BRDA:277,19,1,1
BRDA:287,20,0,5
BRDA:287,20,1,26
BRDA:300,21,0,1
BRDA:300,21,1,0
BRDA:300,22,0,1
BRDA:300,22,1,1
BRDA:300,22,2,1
BRDA:309,23,0,31
BRDA:309,23,1,12
BRDA:309,24,0,43
BRDA:309,24,1,31
BRDA:311,25,0,1
BRDA:311,25,1,1
BRDA:321,26,0,31
BRDA:321,26,1,12
BRDA:347,27,0,6
BRDA:347,27,1,37
BRDA:351,28,0,29
BRDA:351,28,1,14
BRDA:351,29,0,43
BRDA:351,29,1,31
BRDA:355,30,0,5
BRDA:355,30,1,24
BRDA:362,31,0,0
BRDA:362,31,1,2
BRDA:367,32,0,0
BRDA:367,32,1,2
BRDA:374,33,0,5
BRDA:374,33,1,24
BRDA:380,34,0,24
BRDA:380,34,1,5
BRDA:389,35,0,12
BRDA:389,35,1,2
BRDA:389,36,0,14
BRDA:389,36,1,12
BRDA:397,37,0,1
BRDA:397,37,1,11
BRDA:410,38,0,1
BRDA:410,38,1,2
BRDA:412,39,0,0
BRDA:412,39,1,1
BRDA:436,40,0,0
BRDA:436,40,1,42
BRDA:436,41,0,42
BRDA:436,41,1,2
BRDA:440,42,0,40
BRDA:440,42,1,2
BRDA:440,43,0,42
BRDA:440,43,1,40
BRDA:457,44,0,30
BRDA:457,44,1,1
BRDA:495,45,0,2
BRDA:495,45,1,0
BRDA:505,46,0,1
BRDA:505,46,1,0
BRDA:513,47,0,0
BRDA:513,47,1,12
BRDA:538,48,0,0
BRDA:538,48,1,5
BRDA:538,49,0,5
BRDA:538,49,1,0
BRDA:541,50,0,3
BRDA:541,50,1,2
BRDA:545,51,0,2
BRDA:545,51,1,3
BRDA:546,52,0,1
BRDA:546,52,1,1
BRDA:551,53,0,2
BRDA:551,53,1,1
BRDA:571,54,0,4
BRDA:571,54,1,2
BRDA:571,55,0,6
BRDA:571,55,1,2
BRDA:576,56,0,1
BRDA:576,56,1,5
BRDA:582,57,0,1
BRDA:582,57,1,1
BRDA:589,58,0,5
BRDA:589,58,1,1
BRDA:610,59,0,1
BRF:120
BRH:108
end_of_record
TN:
SF:/Users/aaronhans/dev/cagov/bootstrap/js/src/popover.js
FN:74,(anonymous_0)
FN:78,(anonymous_1)
FN:82,(anonymous_2)
FN:86,(anonymous_3)
FN:90,(anonymous_4)
FN:94,(anonymous_5)
FN:98,(anonymous_6)
FN:104,(anonymous_7)
FN:108,(anonymous_8)
FN:124,(anonymous_9)
FN:130,(anonymous_10)
FN:135,(anonymous_11)
FN:140,(anonymous_12)
FN:141,(anonymous_13)
FN:147,(anonymous_14)
FN:148,(anonymous_15)
FN:171,(anonymous_16)
FNF:17
FNH:17
FNDA:1,(anonymous_0)
FNDA:11,(anonymous_1)
FNDA:9,(anonymous_2)
FNDA:15,(anonymous_3)
FNDA:25,(anonymous_4)
FNDA:1,(anonymous_5)
FNDA:11,(anonymous_6)
FNDA:4,(anonymous_7)
FNDA:4,(anonymous_8)
FNDA:4,(anonymous_9)
FNDA:5,(anonymous_10)
FNDA:1,(anonymous_11)
FNDA:1,(anonymous_12)
FNDA:1,(anonymous_13)
FNDA:6,(anonymous_14)
FNDA:6,(anonymous_15)
FNDA:5,(anonymous_16)
DA:19,1
DA:20,1
DA:21,1
DA:22,1
DA:23,1
DA:24,1
DA:26,1
DA:37,1
DA:42,1
DA:47,1
DA:52,1
DA:75,1
DA:79,11
DA:83,9
DA:87,15
DA:91,25
DA:95,1
DA:99,11
DA:105,4
DA:109,4
DA:112,4
DA:113,4
DA:114,4
DA:115,1
DA:118,4
DA:120,4
DA:121,4
DA:125,4
DA:131,5
DA:136,1
DA:137,1
DA:139,1
DA:140,1
DA:141,1
DA:148,6
DA:149,6
DA:150,6
DA:152,6
DA:153,1
DA:156,5
DA:157,3
DA:158,3
DA:161,5
DA:162,2
DA:163,1
DA:166,1
DA:172,5
DA:176,1
DA:184,1
LF:49
LH:49
BRDA:105,0,0,4
BRDA:105,0,1,1
BRDA:114,1,0,1
BRDA:114,1,1,3
BRDA:131,2,0,5
BRDA:131,2,1,3
BRDA:139,3,0,1
BRDA:139,3,1,0
BRDA:139,4,0,1
BRDA:139,4,1,1
BRDA:150,5,0,1
BRDA:150,5,1,5
BRDA:152,6,0,1
BRDA:152,6,1,5
BRDA:152,7,0,6
BRDA:152,7,1,4
BRDA:156,8,0,3
BRDA:156,8,1,2
BRDA:161,9,0,2
BRDA:161,9,1,3
BRDA:162,10,0,1
BRDA:162,10,1,1
BRDA:184,11,0,1
BRF:23
BRH:22
end_of_record
TN:
SF:/Users/aaronhans/dev/cagov/bootstrap/js/src/scrollspy.js
FN:77,(anonymous_0)
FN:89,(anonymous_1)
FN:99,(anonymous_2)
FN:103,(anonymous_3)
FN:109,(anonymous_4)
FN:130,(anonymous_5)
FN:150,(anonymous_6)
FN:151,(anonymous_7)
FN:152,(anonymous_8)
FN:158,(anonymous_9)
FN:174,(anonymous_10)
FN:195,(anonymous_11)
FN:201,(anonymous_12)
FN:208,(anonymous_13)
FN:214,(anonymous_14)
FN:254,(anonymous_15)
FN:260,(anonymous_16)
FN:276,(anonymous_17)
FN:280,(anonymous_18)
FN:284,(anonymous_19)
FN:286,(anonymous_20)
FN:296,(anonymous_21)
FN:298,(anonymous_22)
FN:299,(anonymous_23)
FN:304,(anonymous_24)
FN:305,(anonymous_25)
FN:323,(anonymous_26)
FN:334,(anonymous_27)
FN:336,(anonymous_28)
FNF:29
FNH:26
FNDA:19,(anonymous_0)
FNDA:18,(anonymous_1)
FNDA:1,(anonymous_2)
FNDA:1,(anonymous_3)
FNDA:19,(anonymous_4)
FNDA:29,(anonymous_5)
FNDA:29,(anonymous_6)
FNDA:18,(anonymous_7)
FNDA:28,(anonymous_8)
FNDA:1,(anonymous_9)
FNDA:19,(anonymous_10)
FNDA:55,(anonymous_11)
FNDA:56,(anonymous_12)
FNDA:37,(anonymous_13)
FNDA:37,(anonymous_14)
FNDA:20,(anonymous_15)
FNDA:60,(anonymous_16)
FNDA:14,(anonymous_17)
FNDA:0,(anonymous_18)
FNDA:0,(anonymous_19)
FNDA:0,(anonymous_20)
FNDA:21,(anonymous_21)
FNDA:69,(anonymous_22)
FNDA:14,(anonymous_23)
FNDA:4,(anonymous_24)
FNDA:4,(anonymous_25)
FNDA:5,(anonymous_26)
FNDA:3,(anonymous_27)
FNDA:1,(anonymous_28)
DA:26,1
DA:27,1
DA:28,1
DA:29,1
DA:30,1
DA:32,1
DA:38,1
DA:44,1
DA:50,1
DA:55,1
DA:65,1
DA:78,19
DA:79,19
DA:80,19
DA:81,19
DA:84,19
DA:85,19
DA:86,19
DA:87,19
DA:89,19
DA:91,19
DA:92,19
DA:94,19
DA:100,1
DA:104,1
DA:110,19
DA:114,19
DA:118,19
DA:122,19
DA:123,19
DA:125,19
DA:127,19
DA:129,19
DA:132,29
DA:134,29
DA:135,28
DA:138,29
DA:139,28
DA:140,28
DA:141,28
DA:148,1
DA:150,29
DA:151,18
DA:153,28
DA:154,28
DA:159,1
DA:160,1
DA:162,1
DA:163,1
DA:164,1
DA:165,1
DA:166,1
DA:167,1
DA:168,1
DA:169,1
DA:175,19
DA:180,19
DA:181,2
DA:182,2
DA:183,1
DA:184,1
DA:187,2
DA:190,19
DA:192,19
DA:196,55
DA:202,56
DA:209,37
DA:215,37
DA:216,37
DA:217,37
DA:221,37
DA:222,0
DA:225,37
DA:226,1
DA:228,1
DA:229,1
DA:232,1
DA:235,36
DA:236,1
DA:237,1
DA:238,1
DA:241,35
DA:242,35
DA:243,72
DA:248,72
DA:249,19
DA:255,20
DA:257,20
DA:259,20
DA:260,60
DA:262,20
DA:264,20
DA:265,0
DA:269,0
DA:272,20
DA:274,20
DA:279,14
DA:280,0
DA:283,14
DA:285,0
DA:286,0
DA:291,20
DA:297,21
DA:298,69
DA:299,14
DA:305,4
DA:306,4
DA:307,4
DA:309,4
DA:310,2
DA:313,4
DA:314,2
DA:315,1
DA:318,1
DA:324,5
DA:334,1
DA:335,3
DA:336,1
DA:339,1
DA:347,1
LF:120
LH:114
BRDA:79,0,0,0
BRDA:79,0,1,19
BRDA:110,1,0,0
BRDA:110,1,1,19
BRDA:114,2,0,17
BRDA:114,2,1,2
BRDA:118,3,0,18
BRDA:118,3,1,1
BRDA:134,4,0,28
BRDA:134,4,1,1
BRDA:138,5,0,28
BRDA:138,5,1,1
BRDA:140,6,0,28
BRDA:140,6,1,0
BRDA:140,7,0,28
BRDA:140,7,1,0
BRDA:177,8,0,14
BRDA:177,8,1,5
BRDA:177,9,0,19
BRDA:177,9,1,14
BRDA:180,10,0,2
BRDA:180,10,1,17
BRDA:182,11,0,1
BRDA:182,11,1,1
BRDA:196,12,0,0
BRDA:196,12,1,55
BRDA:202,13,0,56
BRDA:202,13,1,14
BRDA:209,14,0,0
BRDA:209,14,1,37
BRDA:221,15,0,0
BRDA:221,15,1,37
BRDA:225,16,0,1
BRDA:225,16,1,36
BRDA:228,17,0,1
BRDA:228,17,1,0
BRDA:235,18,0,1
BRDA:235,18,1,35
BRDA:235,19,0,36
BRDA:235,19,1,11
BRDA:235,19,2,1
BRDA:243,20,0,72
BRDA:243,20,1,67
BRDA:243,20,2,33
BRDA:243,20,3,29
BRDA:248,21,0,19
BRDA:248,21,1,53
BRDA:264,22,0,0
BRDA:264,22,1,20
BRDA:307,23,0,4
BRDA:307,23,1,0
BRDA:309,24,0,2
BRDA:309,24,1,2
BRDA:313,25,0,2
BRDA:313,25,1,2
BRDA:314,26,0,1
BRDA:314,26,1,1
BRDA:347,27,0,1
BRF:58
BRH:48
end_of_record
TN:
SF:/Users/aaronhans/dev/cagov/bootstrap/js/src/tab.js
FN:66,(anonymous_0)
FN:74,(anonymous_1)
FN:80,(anonymous_2)
FN:120,(anonymous_3)
FN:136,(anonymous_4)
FN:143,(anonymous_5)
FN:152,(anonymous_6)
FN:169,(anonymous_7)
FN:200,(anonymous_8)
FN:213,(anonymous_9)
FN:214,(anonymous_10)
FN:227,(anonymous_11)
FN:238,(anonymous_12)
FNF:13
FNH:12
FNDA:28,(anonymous_0)
FNDA:1,(anonymous_1)
FNDA:22,(anonymous_2)
FNDA:18,(anonymous_3)
FNDA:1,(anonymous_4)
FNDA:32,(anonymous_5)
FNDA:32,(anonymous_6)
FNDA:32,(anonymous_7)
FNDA:0,(anonymous_8)
FNDA:4,(anonymous_9)
FNDA:4,(anonymous_10)
FNDA:7,(anonymous_11)
FNDA:9,(anonymous_12)
DA:27,1
DA:28,1
DA:29,1
DA:30,1
DA:31,1
DA:33,1
DA:41,1
DA:49,1
DA:67,28
DA:69,28
DA:75,1
DA:81,22
DA:85,2
DA:89,20
DA:90,20
DA:92,20
DA:93,20
DA:94,20
DA:95,20
DA:98,20
DA:100,20
DA:101,8
DA:106,20
DA:110,20
DA:112,2
DA:115,18
DA:120,18
DA:121,18
DA:124,18
DA:129,18
DA:130,14
DA:132,4
DA:137,1
DA:138,1
DA:144,32
DA:148,32
DA:149,32
DA:152,32
DA:158,32
DA:159,3
DA:160,3
DA:162,3
DA:163,3
DA:165,29
DA:170,32
DA:171,14
DA:173,14
DA:175,14
DA:176,1
DA:179,14
DA:180,5
DA:184,32
DA:185,32
DA:186,11
DA:189,32
DA:191,32
DA:192,5
DA:195,32
DA:196,0
DA:198,0
DA:199,0
DA:200,0
DA:203,0
DA:206,32
DA:207,14
DA:214,4
DA:215,4
DA:217,4
DA:218,2
DA:219,1
DA:222,1
DA:228,7
DA:238,1
DA:239,9
DA:241,9
DA:242,9
DA:245,1
DA:254,1
LF:78
LH:73
BRDA:81,0,0,2
BRDA:81,0,1,20
BRDA:81,1,0,22
BRDA:81,1,1,22
BRDA:81,1,2,22
BRDA:81,1,3,21
BRDA:92,2,0,20
BRDA:92,2,1,0
BRDA:93,3,0,15
BRDA:93,3,1,5
BRDA:93,4,0,20
BRDA:93,4,1,6
BRDA:100,5,0,8
BRDA:100,5,1,12
BRDA:110,6,0,2
BRDA:110,6,1,18
BRDA:110,7,0,20
BRDA:110,7,1,19
BRDA:110,7,2,8
BRDA:129,8,0,14
BRDA:129,8,1,4
BRDA:144,9,0,16
BRDA:144,9,1,16
BRDA:144,10,0,32
BRDA:144,10,1,32
BRDA:144,10,2,18
BRDA:149,11,0,32
BRDA:149,11,1,14
BRDA:149,11,2,7
BRDA:158,12,0,3
BRDA:158,12,1,29
BRDA:158,13,0,32
BRDA:158,13,1,14
BRDA:170,14,0,14
BRDA:170,14,1,18
BRDA:175,15,0,1
BRDA:175,15,1,13
BRDA:179,16,0,5
BRDA:179,16,1,9
BRDA:185,17,0,11
BRDA:185,17,1,21
BRDA:191,18,0,5
BRDA:191,18,1,27
BRDA:195,19,0,0
BRDA:195,19,1,32
BRDA:195,20,0,32
BRDA:195,20,1,31
BRDA:198,21,0,0
BRDA:198,21,1,0
BRDA:206,22,0,14
BRDA:206,22,1,18
BRDA:215,23,0,4
BRDA:215,23,1,2
BRDA:217,24,0,2
BRDA:217,24,1,2
BRDA:218,25,0,1
BRDA:218,25,1,1
BRDA:241,26,0,9
BRDA:241,26,1,9
BRDA:254,27,0,1
BRF:60
BRH:56
end_of_record
TN:
SF:/Users/aaronhans/dev/cagov/bootstrap/js/src/toast.js
FN:69,(anonymous_0)
FN:79,(anonymous_1)
FN:83,(anonymous_2)
FN:87,(anonymous_3)
FN:93,(anonymous_4)
FN:104,(anonymous_5)
FN:111,(anonymous_6)
FN:130,(anonymous_7)
FN:141,(anonymous_8)
FN:157,(anonymous_9)
FN:174,(anonymous_10)
FN:190,(anonymous_11)
FN:195,(anonymous_12)
FN:201,(anonymous_13)
FN:202,(anonymous_14)
FN:220,(anonymous_15)
FNF:16
FNH:16
FNDA:16,(anonymous_0)
FNDA:1,(anonymous_1)
FNDA:17,(anonymous_2)
FNDA:1,(anonymous_3)
FNDA:8,(anonymous_4)
FNDA:7,(anonymous_5)
FNDA:4,(anonymous_6)
FNDA:8,(anonymous_7)
FNDA:5,(anonymous_8)
FNDA:2,(anonymous_9)
FNDA:16,(anonymous_10)
FNDA:16,(anonymous_11)
FNDA:1,(anonymous_12)
FNDA:4,(anonymous_13)
FNDA:4,(anonymous_14)
FNDA:9,(anonymous_15)
DA:26,1
DA:27,1
DA:28,1
DA:29,1
DA:31,1
DA:39,1
DA:46,1
DA:52,1
DA:58,1
DA:70,16
DA:71,16
DA:72,16
DA:73,16
DA:74,16
DA:80,1
DA:84,17
DA:88,1
DA:94,8
DA:96,8
DA:97,1
DA:100,7
DA:101,4
DA:104,7
DA:105,7
DA:106,7
DA:108,7
DA:110,7
DA:111,4
DA:112,4
DA:117,7
DA:118,7
DA:119,7
DA:120,7
DA:121,4
DA:123,4
DA:124,4
DA:126,3
DA:131,8
DA:132,1
DA:135,7
DA:137,7
DA:138,2
DA:141,5
DA:142,5
DA:143,5
DA:146,5
DA:147,5
DA:148,3
DA:150,3
DA:151,3
DA:153,2
DA:158,2
DA:159,2
DA:161,2
DA:162,1
DA:165,2
DA:166,2
DA:168,2
DA:169,2
DA:175,16
DA:181,16
DA:187,16
DA:191,16
DA:195,1
DA:202,4
DA:203,4
DA:204,4
DA:206,4
DA:207,2
DA:210,4
DA:211,2
DA:212,1
DA:215,1
DA:221,9
DA:225,1
DA:234,1
LF:76
LH:76
BRDA:96,0,0,1
BRDA:96,0,1,7
BRDA:100,1,0,4
BRDA:100,1,1,3
BRDA:110,2,0,4
BRDA:110,2,1,3
BRDA:120,3,0,4
BRDA:120,3,1,3
BRDA:131,4,0,1
BRDA:131,4,1,7
BRDA:137,5,0,2
BRDA:137,5,1,5
BRDA:147,6,0,3
BRDA:147,6,1,2
BRDA:161,7,0,1
BRDA:161,7,1,1
BRDA:178,8,0,1
BRDA:178,8,1,15
BRDA:178,9,0,16
BRDA:178,9,1,1
BRDA:204,10,0,4
BRDA:204,10,1,0
BRDA:206,11,0,2
BRDA:206,11,1,2
BRDA:210,12,0,2
BRDA:210,12,1,2
BRDA:211,13,0,1
BRDA:211,13,1,1
BRDA:234,14,0,1
BRF:29
BRH:28
end_of_record
TN:
SF:/Users/aaronhans/dev/cagov/bootstrap/js/src/tooltip.js
FN:133,(anonymous_0)
FN:156,(anonymous_1)
FN:160,(anonymous_2)
FN:164,(anonymous_3)
FN:168,(anonymous_4)
FN:172,(anonymous_5)
FN:176,(anonymous_6)
FN:180,(anonymous_7)
FN:186,(anonymous_8)
FN:190,(anonymous_9)
FN:194,(anonymous_10)
FN:198,(anonymous_11)
FN:232,(anonymous_12)
FN:258,(anonymous_13)
FN:311,(anonymous_14)
FN:316,(anonymous_15)
FN:341,(anonymous_16)
FN:343,(anonymous_17)
FN:365,(anonymous_18)
FN:384,(anonymous_19)
FN:392,(anonymous_20)
FN:396,(anonymous_21)
FN:408,(anonymous_22)
FN:415,(anonymous_23)
FN:449,(anonymous_24)
FN:463,(anonymous_25)
FN:478,(anonymous_26)
FN:483,(anonymous_27)
FN:492,(anonymous_28)
FN:496,(anonymous_29)
FN:500,(anonymous_30)
FN:515,(anonymous_31)
FN:527,(anonymous_32)
FN:531,(anonymous_33)
FN:534,(anonymous_34)
FN:539,(anonymous_35)
FN:552,(anonymous_36)
FN:557,(anonymous_37)
FN:562,(anonymous_38)
FN:584,(anonymous_39)
FN:597,(anonymous_40)
FN:630,(anonymous_41)
FN:637,(anonymous_42)
FN:668,(anonymous_43)
FN:675,(anonymous_44)
FN:685,(anonymous_45)
FN:689,(anonymous_46)
FN:733,(anonymous_47)
FN:747,(anonymous_48)
FN:752,(anonymous_49)
FN:753,(anonymous_50)
FN:757,(anonymous_51)
FN:764,(anonymous_52)
FN:780,(anonymous_53)
FN:781,(anonymous_54)
FN:803,(anonymous_55)
FNF:56
FNH:55
FNDA:65,(anonymous_0)
FNDA:1,(anonymous_1)
FNDA:73,(anonymous_2)
FNDA:50,(anonymous_3)
FNDA:101,(anonymous_4)
FNDA:292,(anonymous_5)
FNDA:4,(anonymous_6)
FNDA:57,(anonymous_7)
FNDA:1,(anonymous_8)
FNDA:2,(anonymous_9)
FNDA:1,(anonymous_10)
FNDA:8,(anonymous_11)
FNDA:3,(anonymous_12)
FNDA:31,(anonymous_13)
FNDA:540,(anonymous_14)
FNDA:28,(anonymous_15)
FNDA:7,(anonymous_16)
FNDA:6,(anonymous_17)
FNDA:162,(anonymous_18)
FNDA:2,(anonymous_19)
FNDA:28,(anonymous_20)
FNDA:239,(anonymous_21)
FNDA:25,(anonymous_22)
FNDA:41,(anonymous_23)
FNDA:63,(anonymous_24)
FNDA:29,(anonymous_25)
FNDA:27,(anonymous_26)
FNDA:18,(anonymous_27)
FNDA:64,(anonymous_28)
FNDA:29,(anonymous_29)
FNDA:4,(anonymous_30)
FNDA:28,(anonymous_31)
FNDA:68,(anonymous_32)
FNDA:65,(anonymous_33)
FNDA:116,(anonymous_34)
FNDA:4,(anonymous_35)
FNDA:5,(anonymous_36)
FNDA:1,(anonymous_37)
FNDA:0,(anonymous_38)
FNDA:64,(anonymous_39)
FNDA:10,(anonymous_40)
FNDA:2,(anonymous_41)
FNDA:4,(anonymous_42)
FNDA:1,(anonymous_43)
FNDA:8,(anonymous_44)
FNDA:65,(anonymous_45)
FNDA:8,(anonymous_46)
FNDA:1,(anonymous_47)
FNDA:45,(anonymous_48)
FNDA:46,(anonymous_49)
FNDA:46,(anonymous_50)
FNDA:40,(anonymous_51)
FNDA:25,(anonymous_52)
FNDA:5,(anonymous_53)
FNDA:5,(anonymous_54)
FNDA:5,(anonymous_55)
DA:36,2
DA:37,2
DA:38,2
DA:39,2
DA:40,2
DA:41,2
DA:42,2
DA:44,2
DA:63,2
DA:71,2
DA:92,2
DA:97,2
DA:110,2
DA:115,2
DA:119,2
DA:134,65
DA:135,0
DA:139,65
DA:140,65
DA:141,65
DA:142,65
DA:143,65
DA:146,65
DA:147,65
DA:148,65
DA:150,65
DA:151,65
DA:157,1
DA:161,73
DA:165,50
DA:169,101
DA:173,292
DA:177,4
DA:181,57
DA:187,1
DA:191,2
DA:195,1
DA:199,8
DA:200,1
DA:203,7
DA:204,4
DA:205,4
DA:207,4
DA:208,1
DA:212,1
DA:215,4
DA:217,4
DA:218,3
DA:220,1
DA:223,3
DA:224,1
DA:225,1
DA:228,2
DA:233,3
DA:235,3
DA:237,3
DA:238,3
DA:240,3
DA:241,1
DA:244,3
DA:245,3
DA:246,3
DA:247,3
DA:248,3
DA:249,1
DA:252,3
DA:253,3
DA:254,3
DA:255,3
DA:259,31
DA:260,1
DA:263,30
DA:264,29
DA:265,29
DA:266,29
DA:270,29
DA:271,1
DA:274,28
DA:275,28
DA:277,28
DA:278,28
DA:280,28
DA:282,28
DA:283,25
DA:286,28
DA:290,28
DA:291,28
DA:293,28
DA:294,28
DA:296,28
DA:297,28
DA:300,28
DA:302,28
DA:304,28
DA:310,28
DA:311,20
DA:312,540
DA:316,28
DA:317,28
DA:318,25
DA:321,28
DA:322,28
DA:324,28
DA:326,28
DA:327,1
DA:331,28
DA:332,25
DA:333,25
DA:334,25
DA:336,3
DA:342,7
DA:343,7
DA:344,6
DA:345,6
DA:348,6
DA:349,6
DA:350,6
DA:351,6
DA:354,7
DA:355,7
DA:356,1
DA:359,6
DA:363,6
DA:364,6
DA:365,162
DA:368,6
DA:369,6
DA:370,6
DA:372,6
DA:373,5
DA:375,5
DA:376,5
DA:378,1
DA:381,6
DA:385,2
DA:386,1
DA:393,28
DA:397,239
DA:398,200
DA:401,39
DA:402,39
DA:404,39
DA:405,39
DA:409,25
DA:410,25
DA:411,25
DA:412,25
DA:416,41
DA:417,1
DA:420,40
DA:421,4
DA:422,1
DA:426,4
DA:427,3
DA:428,2
DA:429,2
DA:432,1
DA:435,4
DA:438,36
DA:439,2
DA:440,1
DA:443,2
DA:445,34
DA:450,63
DA:452,63
DA:453,6
DA:458,63
DA:464,29
DA:479,27
DA:480,22
DA:483,18
DA:486,29
DA:493,64
DA:497,29
DA:499,29
DA:500,1
DA:501,4
DA:506,4
DA:509,28
DA:512,29
DA:516,28
DA:517,25
DA:520,3
DA:521,2
DA:524,1
DA:528,68
DA:532,65
DA:534,65
DA:535,116
DA:536,13
DA:539,4
DA:541,103
DA:542,102
DA:545,102
DA:549,102
DA:552,5
DA:554,102
DA:557,1
DA:562,65
DA:563,0
DA:564,0
DA:568,65
DA:573,65
DA:574,1
DA:580,64
DA:585,64
DA:587,64
DA:588,64
DA:593,64
DA:598,10
DA:599,10
DA:601,10
DA:602,0
DA:606,0
DA:609,10
DA:610,5
DA:615,10
DA:617,2
DA:618,2
DA:621,8
DA:623,8
DA:625,8
DA:626,6
DA:627,6
DA:630,2
DA:631,2
DA:632,2
DA:638,4
DA:639,4
DA:641,4
DA:642,0
DA:646,0
DA:649,4
DA:650,1
DA:655,4
DA:656,0
DA:659,4
DA:661,4
DA:663,4
DA:664,2
DA:665,2
DA:668,2
DA:669,1
DA:670,0
DA:676,8
DA:677,7
DA:678,3
DA:682,5
DA:686,65
DA:688,65
DA:690,8
DA:691,1
DA:695,65
DA:696,1
DA:699,65
DA:705,65
DA:706,63
DA:712,65
DA:713,1
DA:716,65
DA:717,1
DA:720,65
DA:726,65
DA:727,64
DA:730,65
DA:734,1
DA:736,1
DA:737,1
DA:738,16
DA:739,3
DA:744,1
DA:748,45
DA:749,45
DA:750,45
DA:751,45
DA:752,46
DA:753,46
DA:758,40
DA:759,40
DA:760,40
DA:761,40
DA:765,25
DA:766,25
DA:767,25
DA:768,25
DA:771,0
DA:772,0
DA:773,0
DA:774,0
DA:775,0
DA:781,5
DA:782,5
DA:783,5
DA:785,5
DA:786,1
DA:789,4
DA:790,2
DA:793,4
DA:794,2
DA:795,1
DA:798,1
DA:804,5
DA:808,2
DA:817,2
LF:304
LH:290
BRDA:134,0,0,0
BRDA:134,0,1,65
BRDA:199,1,0,1
BRDA:199,1,1,7
BRDA:203,2,0,4
BRDA:203,2,1,3
BRDA:207,3,0,1
BRDA:207,3,1,3
BRDA:217,4,0,3
BRDA:217,4,1,1
BRDA:223,5,0,1
BRDA:223,5,1,2
BRDA:240,6,0,1
BRDA:240,6,1,2
BRDA:248,7,0,1
BRDA:248,7,1,2
BRDA:259,8,0,1
BRDA:259,8,1,30
BRDA:263,9,0,29
BRDA:263,9,1,1
BRDA:263,10,0,30
BRDA:263,10,1,30
BRDA:266,11,0,29
BRDA:266,11,1,0
BRDA:270,12,0,1
BRDA:270,12,1,28
BRDA:270,13,0,29
BRDA:270,13,1,28
BRDA:282,14,0,25
BRDA:282,14,1,3
BRDA:286,15,0,1
BRDA:286,15,1,27
BRDA:296,16,0,28
BRDA:296,16,1,0
BRDA:310,17,0,20
BRDA:310,17,1,8
BRDA:317,18,0,25
BRDA:317,18,1,3
BRDA:326,19,0,1
BRDA:326,19,1,27
BRDA:331,20,0,25
BRDA:331,20,1,3
BRDA:344,21,0,6
BRDA:344,21,1,0
BRDA:344,22,0,6
BRDA:344,22,1,6
BRDA:355,23,0,1
BRDA:355,23,1,6
BRDA:363,24,0,6
BRDA:363,24,1,0
BRDA:372,25,0,5
BRDA:372,25,1,1
BRDA:385,26,0,1
BRDA:385,26,1,1
BRDA:397,27,0,200
BRDA:397,27,1,39
BRDA:416,28,0,1
BRDA:416,28,1,40
BRDA:420,29,0,4
BRDA:420,29,1,36
BRDA:420,30,0,40
BRDA:420,30,1,4
BRDA:421,31,0,1
BRDA:421,31,1,3
BRDA:426,32,0,3
BRDA:426,32,1,1
BRDA:427,33,0,2
BRDA:427,33,1,1
BRDA:438,34,0,2
BRDA:438,34,1,34
BRDA:439,35,0,1
BRDA:439,35,1,1
BRDA:452,36,0,6
BRDA:452,36,1,57
BRDA:453,37,0,3
BRDA:453,37,1,3
BRDA:479,38,0,22
BRDA:479,38,1,5
BRDA:499,39,0,1
BRDA:499,39,1,28
BRDA:503,40,0,4
BRDA:503,40,1,0
BRDA:516,41,0,25
BRDA:516,41,1,3
BRDA:520,42,0,2
BRDA:520,42,1,1
BRDA:535,43,0,13
BRDA:535,43,1,103
BRDA:541,44,0,102
BRDA:541,44,1,1
BRDA:542,45,0,51
BRDA:542,45,1,51
BRDA:545,46,0,51
BRDA:545,46,1,51
BRDA:563,47,0,0
BRDA:563,47,1,0
BRDA:573,48,0,1
BRDA:573,48,1,64
BRDA:587,49,0,64
BRDA:587,49,1,0
BRDA:587,50,0,64
BRDA:587,50,1,10
BRDA:590,51,0,64
BRDA:590,51,1,10
BRDA:599,52,0,10
BRDA:599,52,1,5
BRDA:601,53,0,0
BRDA:601,53,1,10
BRDA:609,54,0,5
BRDA:609,54,1,5
BRDA:611,55,0,0
BRDA:611,55,1,5
BRDA:615,56,0,2
BRDA:615,56,1,8
BRDA:615,57,0,10
BRDA:615,57,1,9
BRDA:625,58,0,6
BRDA:625,58,1,2
BRDA:625,59,0,8
BRDA:625,59,1,8
BRDA:631,60,0,2
BRDA:631,60,1,0
BRDA:639,61,0,4
BRDA:639,61,1,1
BRDA:641,62,0,0
BRDA:641,62,1,4
BRDA:649,63,0,1
BRDA:649,63,1,3
BRDA:651,64,0,0
BRDA:651,64,1,1
BRDA:655,65,0,0
BRDA:655,65,1,4
BRDA:663,66,0,2
BRDA:663,66,1,2
BRDA:663,67,0,4
BRDA:663,67,1,4
BRDA:669,68,0,0
BRDA:669,68,1,1
BRDA:677,69,0,3
BRDA:677,69,1,4
BRDA:690,70,0,1
BRDA:690,70,1,7
BRDA:695,71,0,1
BRDA:695,71,1,64
BRDA:695,72,0,65
BRDA:695,72,1,27
BRDA:695,72,2,2
BRDA:702,73,0,27
BRDA:702,73,1,38
BRDA:702,74,0,65
BRDA:702,74,1,29
BRDA:705,75,0,63
BRDA:705,75,1,2
BRDA:712,76,0,1
BRDA:712,76,1,64
BRDA:716,77,0,1
BRDA:716,77,1,64
BRDA:726,78,0,64
BRDA:726,78,1,1
BRDA:736,79,0,1
BRDA:736,79,1,0
BRDA:738,80,0,3
BRDA:738,80,1,13
BRDA:750,81,0,45
BRDA:750,81,1,0
BRDA:750,82,0,45
BRDA:750,82,1,45
BRDA:767,83,0,25
BRDA:767,83,1,0
BRDA:783,84,0,5
BRDA:783,84,1,0
BRDA:785,85,0,1
BRDA:785,85,1,4
BRDA:785,86,0,5
BRDA:785,86,1,3
BRDA:789,87,0,2
BRDA:789,87,1,2
BRDA:793,88,0,2
BRDA:793,88,1,2
BRDA:794,89,0,1
BRDA:794,89,1,1
BRDA:817,90,0,2
BRF:182
BRH:162
end_of_record
TN:
SF:/Users/aaronhans/dev/cagov/bootstrap/js/src/dom/data.js
FN:14,(anonymous_0)
FNF:1
FNH:1
FNDA:12,(anonymous_0)
DA:14,12
DA:15,12
DA:16,12
DA:17,12
DA:19,387
DA:20,366
DA:24,366
DA:27,387
DA:30,281
DA:31,131
DA:34,150
DA:35,150
DA:36,149
DA:39,1
DA:42,17
DA:43,1
DA:46,16
DA:47,16
DA:48,15
DA:49,15
DA:55,12
DA:57,387
DA:60,281
DA:63,17
LF:24
LH:24
BRDA:19,0,0,366
BRDA:19,0,1,21
BRDA:30,1,0,131
BRDA:30,1,1,150
BRDA:30,2,0,281
BRDA:30,2,1,279
BRDA:35,3,0,149
BRDA:35,3,1,1
BRDA:42,4,0,1
BRDA:42,4,1,16
BRDA:47,5,0,15
BRDA:47,5,1,1
BRF:12
BRH:12
end_of_record
TN:
SF:/Users/aaronhans/dev/cagov/bootstrap/js/src/dom/event-handler.js
FN:83,getUidEvent
FN:87,getEvent
FN:96,fixEvent
FN:105,bootstrapHandler
FN:106,handler
FN:116,bootstrapDelegationHandler
FN:117,handler
FN:139,findHandler
FN:153,normalizeParams
FN:174,addHandler
FN:209,removeHandler
FN:220,removeNamespacedHandlers
FN:224,(anonymous_12)
FN:264,(anonymous_13)
FN:271,(anonymous_14)
FN:319,(anonymous_15)
FN:333,(anonymous_16)
FNF:17
FNH:16
FNDA:5035,getUidEvent
FNDA:2817,getEvent
FNDA:469,fixEvent
FNDA:2154,bootstrapHandler
FNDA:370,handler
FNDA:64,bootstrapDelegationHandler
FNDA:906,handler
FNDA:2847,findHandler
FNDA:2817,normalizeParams
FNDA:2285,addHandler
FNDA:629,removeHandler
FNDA:21,removeNamespacedHandlers
FNDA:21,(anonymous_12)
FNDA:21,(anonymous_13)
FNDA:120,(anonymous_14)
FNDA:394,(anonymous_15)
FNDA:0,(anonymous_16)
DA:17,12
DA:18,12
DA:19,12
DA:20,12
DA:21,12
DA:22,12
DA:23,12
DA:24,12
DA:28,12
DA:84,5035
DA:88,2817
DA:90,2817
DA:91,2817
DA:93,2817
DA:98,469
DA:99,0
DA:102,469
DA:106,2154
DA:107,370
DA:108,370
DA:109,123
DA:112,370
DA:117,64
DA:118,906
DA:120,906
DA:121,4087
DA:122,289
DA:123,99
DA:125,99
DA:126,0
DA:129,99
DA:135,807
DA:140,2847
DA:142,2847
DA:143,22643
DA:145,22643
DA:146,260
DA:150,2587
DA:154,2817
DA:155,2817
DA:158,2817
DA:159,2817
DA:161,2817
DA:162,190
DA:165,2817
DA:167,2817
DA:168,277
DA:171,2817
DA:175,2285
DA:176,67
DA:179,2218
DA:180,1074
DA:181,1074
DA:184,2218
DA:185,2218
DA:186,2218
DA:187,2218
DA:189,2218
DA:190,0
DA:192,0
DA:195,2218
DA:196,2218
DA:200,2218
DA:201,2218
DA:202,2218
DA:203,2218
DA:204,2218
DA:206,2218
DA:210,629
DA:212,629
DA:213,369
DA:216,260
DA:217,260
DA:221,21
DA:223,21
DA:225,21
DA:226,16
DA:228,16
DA:233,12
DA:235,2158
DA:239,127
DA:243,604
DA:244,5
DA:247,599
DA:248,599
DA:249,599
DA:250,599
DA:252,599
DA:254,494
DA:255,0
DA:258,494
DA:259,494
DA:262,105
DA:263,8
DA:265,21
DA:269,105
DA:270,105
DA:272,120
DA:274,120
DA:275,119
DA:277,119
DA:283,564
DA:284,11
DA:287,553
DA:288,553
DA:289,553
DA:292,553
DA:293,553
DA:294,553
DA:295,553
DA:297,553
DA:298,0
DA:300,0
DA:301,0
DA:302,0
DA:303,0
DA:306,553
DA:307,14
DA:308,14
DA:310,539
DA:317,553
DA:318,271
DA:320,394
DA:322,17
DA:328,553
DA:329,0
DA:331,0
DA:332,0
DA:333,0
DA:338,553
DA:339,553
DA:342,553
DA:343,0
DA:346,553
LF:134
LH:119
BRDA:84,0,0,5035
BRDA:84,0,1,724
BRDA:84,0,2,4311
BRDA:84,0,3,1887
BRDA:91,1,0,2817
BRDA:91,1,1,448
BRDA:98,2,0,0
BRDA:98,2,1,469
BRDA:98,3,0,469
BRDA:98,3,1,0
BRDA:99,4,0,0
BRDA:99,4,1,0
BRDA:108,5,0,123
BRDA:108,5,1,247
BRDA:120,6,0,4894
BRDA:120,6,1,4880
BRDA:122,7,0,99
BRDA:122,7,1,190
BRDA:125,8,0,0
BRDA:125,8,1,99
BRDA:139,9,0,0
BRDA:145,10,0,260
BRDA:145,10,1,22383
BRDA:145,11,0,22643
BRDA:145,11,1,264
BRDA:155,12,0,66
BRDA:155,12,1,2751
BRDA:161,13,0,190
BRDA:161,13,1,2627
BRDA:167,14,0,277
BRDA:167,14,1,2540
BRDA:175,15,0,67
BRDA:175,15,1,2218
BRDA:175,16,0,2285
BRDA:175,16,1,2284
BRDA:179,17,0,1074
BRDA:179,17,1,1144
BRDA:186,18,0,2218
BRDA:186,18,1,822
BRDA:187,19,0,64
BRDA:187,19,1,2154
BRDA:189,20,0,0
BRDA:189,20,1,2218
BRDA:190,21,0,0
BRDA:190,21,1,0
BRDA:196,22,0,64
BRDA:196,22,1,2154
BRDA:200,23,0,64
BRDA:200,23,1,2154
BRDA:212,24,0,369
BRDA:212,24,1,260
BRDA:221,25,0,21
BRDA:221,25,1,0
BRDA:225,26,0,16
BRDA:225,26,1,5
BRDA:243,27,0,5
BRDA:243,27,1,599
BRDA:243,28,0,604
BRDA:243,28,1,603
BRDA:252,29,0,494
BRDA:252,29,1,105
BRDA:254,30,0,0
BRDA:254,30,1,494
BRDA:254,31,0,494
BRDA:254,31,1,494
BRDA:258,32,0,1
BRDA:258,32,1,493
BRDA:262,33,0,8
BRDA:262,33,1,97
BRDA:269,34,0,105
BRDA:269,34,1,9
BRDA:274,35,0,119
BRDA:274,35,1,1
BRDA:274,36,0,120
BRDA:274,36,1,113
BRDA:283,37,0,11
BRDA:283,37,1,553
BRDA:283,38,0,564
BRDA:283,38,1,564
BRDA:297,39,0,0
BRDA:297,39,1,553
BRDA:297,40,0,553
BRDA:297,40,1,532
BRDA:306,41,0,14
BRDA:306,41,1,539
BRDA:317,42,0,271
BRDA:317,42,1,282
BRDA:328,43,0,0
BRDA:328,43,1,553
BRDA:331,44,0,0
BRDA:331,44,1,0
BRDA:338,45,0,553
BRDA:338,45,1,0
BRDA:342,46,0,0
BRDA:342,46,1,553
BRDA:342,47,0,553
BRDA:342,47,1,17
BRF:97
BRH:80
end_of_record
TN:
SF:/Users/aaronhans/dev/cagov/bootstrap/js/src/dom/manipulator.js
FN:8,normalizeData
FN:28,normalizeDataKey
FN:29,(anonymous_2)
FN:50,(anonymous_3)
FNF:4
FNH:4
FNDA:161,normalizeData
FNDA:72,normalizeDataKey
FNDA:3,(anonymous_2)
FNDA:141,(anonymous_3)
DA:9,161
DA:10,1
DA:13,160
DA:14,12
DA:17,148
DA:18,9
DA:21,139
DA:22,2
DA:25,137
DA:29,72
DA:32,9
DA:34,35
DA:38,17
DA:42,221
DA:43,1
DA:46,220
DA:50,220
DA:51,141
DA:54,220
DA:58,20
DA:62,6
DA:64,6
DA:71,41
DA:78,76
DA:79,2
DA:82,74
DA:83,4
DA:85,70
LF:28
LH:28
BRDA:9,0,0,1
BRDA:9,0,1,160
BRDA:13,1,0,12
BRDA:13,1,1,148
BRDA:17,2,0,9
BRDA:17,2,1,139
BRDA:21,3,0,2
BRDA:21,3,1,137
BRDA:21,4,0,139
BRDA:21,4,1,138
BRDA:42,5,0,1
BRDA:42,5,1,220
BRDA:78,6,0,2
BRDA:78,6,1,74
BRDA:82,7,0,4
BRDA:82,7,1,70
BRF:16
BRH:16
end_of_record
TN:
SF:/Users/aaronhans/dev/cagov/bootstrap/js/src/dom/selector-engine.js
FN:35,(anonymous_0)
FNF:1
FNH:1
FNDA:38,(anonymous_0)
DA:17,11
DA:19,11
DA:21,160
DA:25,624
DA:29,388
DA:33,17
DA:35,38
DA:39,21
DA:41,21
DA:43,21
DA:44,118
DA:45,15
DA:48,118
DA:51,21
DA:55,209
DA:59,30
DA:61,30
DA:63,30
DA:64,3
DA:65,2
DA:68,3
DA:71,30
LF:22
LH:22
BRDA:24,0,0,412
BRDA:28,1,0,99
BRDA:43,2,0,139
BRDA:43,2,1,139
BRDA:43,2,2,118
BRDA:44,3,0,15
BRDA:44,3,1,103
BRDA:63,4,0,33
BRDA:63,4,1,31
BRDA:63,4,2,3
BRDA:64,5,0,2
BRDA:64,5,1,1
BRF:12
BRH:12
end_of_record
TN:
SF:/Users/aaronhans/dev/cagov/bootstrap/js/src/util/index.js
FN:13,(anonymous_0)
FN:21,(anonymous_1)
FN:29,(anonymous_2)
FN:41,(anonymous_3)
FN:51,(anonymous_4)
FN:57,(anonymous_5)
FN:83,(anonymous_6)
FN:90,(anonymous_7)
FN:92,(anonymous_8)
FN:96,listener
FN:102,(anonymous_10)
FN:109,(anonymous_11)
FN:111,(anonymous_12)
FN:127,(anonymous_13)
FN:135,(anonymous_14)
FN:152,(anonymous_15)
FN:175,(anonymous_16)
FN:175,(anonymous_17)
FN:177,(anonymous_18)
FN:179,(anonymous_19)
FNF:20
FNH:19
FNDA:2023,(anonymous_0)
FNDA:31,(anonymous_1)
FNDA:332,(anonymous_2)
FNDA:111,(anonymous_3)
FNDA:221,(anonymous_4)
FNDA:117,(anonymous_5)
FNDA:111,(anonymous_6)
FNDA:1422,(anonymous_7)
FNDA:115,(anonymous_8)
FNDA:115,listener
FNDA:114,(anonymous_10)
FNDA:293,(anonymous_11)
FNDA:2031,(anonymous_12)
FNDA:1142,(anonymous_13)
FNDA:22,(anonymous_14)
FNDA:33,(anonymous_15)
FNDA:1685,(anonymous_16)
FNDA:0,(anonymous_17)
FNDA:80,(anonymous_18)
FNDA:27,(anonymous_19)
DA:8,15
DA:9,15
DA:10,15
DA:13,2023
DA:21,15
DA:22,31
DA:23,31
DA:26,31
DA:29,15
DA:30,332
DA:32,332
DA:33,290
DA:35,290
DA:38,332
DA:41,15
DA:42,111
DA:44,111
DA:45,102
DA:48,9
DA:51,15
DA:52,221
DA:54,221
DA:57,15
DA:58,117
DA:59,2
DA:66,115
DA:68,115
DA:69,115
DA:72,115
DA:73,114
DA:77,1
DA:78,1
DA:80,1
DA:83,15
DA:84,111
DA:86,111
DA:87,111
DA:90,1422
DA:92,15
DA:93,115
DA:94,115
DA:95,115
DA:97,115
DA:98,115
DA:101,115
DA:102,115
DA:103,114
DA:104,108
DA:109,15
DA:110,293
DA:112,2031
DA:113,2031
DA:114,2031
DA:118,2031
DA:119,1
DA:127,15
DA:128,1142
DA:129,36
DA:132,1106
DA:135,15
DA:136,22
DA:137,2
DA:140,20
DA:141,19
DA:142,19
DA:144,19
DA:149,1
DA:152,15
DA:153,33
DA:154,0
DA:158,33
DA:159,33
DA:160,33
DA:163,0
DA:164,0
DA:168,0
DA:169,0
DA:172,0
DA:175,1685
DA:177,80
DA:179,15
DA:180,27
DA:182,27
DA:183,1
DA:186,26
LF:85
LH:79
BRDA:32,0,0,290
BRDA:32,0,1,42
BRDA:32,1,0,332
BRDA:32,1,1,43
BRDA:35,2,0,129
BRDA:35,2,1,161
BRDA:35,3,0,290
BRDA:35,3,1,266
BRDA:44,4,0,102
BRDA:44,4,1,9
BRDA:45,5,0,101
BRDA:45,5,1,1
BRDA:54,6,0,69
BRDA:54,6,1,152
BRDA:58,7,0,2
BRDA:58,7,1,115
BRDA:72,8,0,114
BRDA:72,8,1,1
BRDA:72,9,0,115
BRDA:72,9,1,114
BRDA:90,10,0,1422
BRDA:90,10,1,762
BRDA:103,11,0,108
BRDA:103,11,1,6
BRDA:114,12,0,8
BRDA:114,12,1,2023
BRDA:114,13,0,2031
BRDA:114,13,1,1356
BRDA:118,14,0,1
BRDA:118,14,1,2030
BRDA:128,15,0,36
BRDA:128,15,1,1106
BRDA:136,16,0,2
BRDA:136,16,1,20
BRDA:140,17,0,19
BRDA:140,17,1,1
BRDA:140,18,0,20
BRDA:140,18,1,19
BRDA:140,18,2,19
BRDA:144,19,0,19
BRDA:144,19,1,15
BRDA:144,19,2,13
BRDA:153,20,0,0
BRDA:153,20,1,33
BRDA:158,21,0,33
BRDA:158,21,1,0
BRDA:160,22,0,2
BRDA:160,22,1,31
BRDA:163,23,0,0
BRDA:163,23,1,0
BRDA:168,24,0,0
BRDA:168,24,1,0
BRDA:182,25,0,1
BRDA:182,25,1,26
BRDA:182,26,0,27
BRDA:182,26,1,2
BRF:56
BRH:50
end_of_record
TN:
SF:/Users/aaronhans/dev/cagov/bootstrap/js/src/util/sanitizer.js
FN:37,(anonymous_0)
FN:48,(anonymous_1)
FN:94,sanitizeHtml
FN:121,(anonymous_3)
FNF:4
FNH:4
FNDA:270,(anonymous_0)
FNDA:6,(anonymous_1)
FNDA:70,sanitizeHtml
FNDA:270,(anonymous_3)
DA:10,3
DA:21,3
DA:28,3
DA:35,3
DA:37,3
DA:38,270
DA:40,270
DA:41,269
DA:42,1
DA:45,268
DA:48,6
DA:51,1
DA:52,1
DA:53,1
DA:57,0
DA:60,3
DA:95,70
DA:96,1
DA:99,69
DA:100,1
DA:103,68
DA:104,68
DA:105,68
DA:106,68
DA:108,68
DA:109,211
DA:110,211
DA:112,211
DA:113,2
DA:115,2
DA:118,209
DA:119,209
DA:121,209
DA:122,270
DA:123,1
DA:128,68
LF:36
LH:35
BRDA:40,0,0,269
BRDA:40,0,1,1
BRDA:41,1,0,1
BRDA:41,1,1,268
BRDA:42,2,0,1
BRDA:42,2,1,1
BRDA:52,3,0,1
BRDA:52,3,1,0
BRDA:95,4,0,1
BRDA:95,4,1,69
BRDA:99,5,0,1
BRDA:99,5,1,68
BRDA:99,6,0,69
BRDA:99,6,1,1
BRDA:112,7,0,2
BRDA:112,7,1,209
BRDA:119,8,0,209
BRDA:119,8,1,0
BRDA:119,9,0,209
BRDA:119,9,1,0
BRDA:122,10,0,1
BRDA:122,10,1,269
BRF:22
BRH:19
end_of_record
